빌드 시작: 2016-05-24 오전 12:51:13
     1>2 노드의 "C:\Users\Nada\Desktop\GameProgrammingProject\GameProgrammingProject\GameProgrammingProject.vcxproj" 프로젝트(Build 대상)입니다.
     1>ClCompile:
         C:\Program Files (x86)\Microsoft Visual Studio 12.0\VC\bin\CL.exe /c /ZI /nologo /W3 /WX- /sdl /Od /Oy- /D WIN32 /D _DEBUG /D _WINDOWS /D _UNICODE /D UNICODE /Gm /EHsc /RTC1 /MDd /GS /fp:precise /Zc:wchar_t /Zc:forScope /Fo"Debug\\" /Fd"Debug\vc120.pdb" /Gd /TP /analyze- /errorReport:prompt mymath.cpp
         mymath.cpp
     1>c:\users\nada\desktop\gameprogrammingproject\gameprogrammingproject\mymath.cpp(5): warning C4172: 지역 변수 또는 임시 변수의 주소를 반환하고 있습니다.
     1>c:\users\nada\desktop\gameprogrammingproject\gameprogrammingproject\mymath.cpp(10): warning C4172: 지역 변수 또는 임시 변수의 주소를 반환하고 있습니다.
     1>c:\users\nada\desktop\gameprogrammingproject\gameprogrammingproject\mymath.cpp(71): warning C4172: 지역 변수 또는 임시 변수의 주소를 반환하고 있습니다.
     1>c:\users\nada\desktop\gameprogrammingproject\gameprogrammingproject\mymath.cpp(76): warning C4172: 지역 변수 또는 임시 변수의 주소를 반환하고 있습니다.
     1>c:\users\nada\desktop\gameprogrammingproject\gameprogrammingproject\mymath.cpp(122): warning C4172: 지역 변수 또는 임시 변수의 주소를 반환하고 있습니다.
     1>c:\users\nada\desktop\gameprogrammingproject\gameprogrammingproject\mymath.cpp(132): warning C4172: 지역 변수 또는 임시 변수의 주소를 반환하고 있습니다.
     1>c:\users\nada\desktop\gameprogrammingproject\gameprogrammingproject\mymath.cpp(141): warning C4172: 지역 변수 또는 임시 변수의 주소를 반환하고 있습니다.
     1>c:\users\nada\desktop\gameprogrammingproject\gameprogrammingproject\mymath.cpp(150): warning C4172: 지역 변수 또는 임시 변수의 주소를 반환하고 있습니다.
     1>c:\users\nada\desktop\gameprogrammingproject\gameprogrammingproject\mymath.cpp(158): warning C4172: 지역 변수 또는 임시 변수의 주소를 반환하고 있습니다.
     1>c:\users\nada\desktop\gameprogrammingproject\gameprogrammingproject\mymath.cpp(167): warning C4172: 지역 변수 또는 임시 변수의 주소를 반환하고 있습니다.
     1>c:\users\nada\desktop\gameprogrammingproject\gameprogrammingproject\mymath.cpp(179): warning C4172: 지역 변수 또는 임시 변수의 주소를 반환하고 있습니다.
     1>c:\users\nada\desktop\gameprogrammingproject\gameprogrammingproject\mymath.cpp(207): warning C4172: 지역 변수 또는 임시 변수의 주소를 반환하고 있습니다.
     1>c:\users\nada\desktop\gameprogrammingproject\gameprogrammingproject\mymath.cpp(225): warning C4172: 지역 변수 또는 임시 변수의 주소를 반환하고 있습니다.
     1>c:\users\nada\desktop\gameprogrammingproject\gameprogrammingproject\mymath.cpp(234): warning C4172: 지역 변수 또는 임시 변수의 주소를 반환하고 있습니다.
     1>c:\users\nada\desktop\gameprogrammingproject\gameprogrammingproject\mymath.cpp(243): warning C4172: 지역 변수 또는 임시 변수의 주소를 반환하고 있습니다.
     1>c:\users\nada\desktop\gameprogrammingproject\gameprogrammingproject\mymath.cpp(250): warning C4172: 지역 변수 또는 임시 변수의 주소를 반환하고 있습니다.
     1>c:\users\nada\desktop\gameprogrammingproject\gameprogrammingproject\mymath.cpp(279): warning C4172: 지역 변수 또는 임시 변수의 주소를 반환하고 있습니다.
     1>c:\users\nada\desktop\gameprogrammingproject\gameprogrammingproject\mymath.cpp(288): warning C4172: 지역 변수 또는 임시 변수의 주소를 반환하고 있습니다.
     1>c:\users\nada\desktop\gameprogrammingproject\gameprogrammingproject\mymath.cpp(297): warning C4172: 지역 변수 또는 임시 변수의 주소를 반환하고 있습니다.
       Link:
         C:\Program Files (x86)\Microsoft Visual Studio 12.0\VC\bin\link.exe /ERRORREPORT:PROMPT /OUT:"C:\Users\Nada\Desktop\GameProgrammingProject\Debug\GameProgrammingProject.exe" /INCREMENTAL /NOLOGO kernel32.lib user32.lib gdi32.lib winspool.lib comdlg32.lib advapi32.lib shell32.lib ole32.lib oleaut32.lib uuid.lib odbc32.lib odbccp32.lib /MANIFEST /MANIFESTUAC:"level='asInvoker' uiAccess='false'" /manifest:embed /DEBUG /PDB:"C:\Users\Nada\Desktop\GameProgrammingProject\Debug\GameProgrammingProject.pdb" /SUBSYSTEM:WINDOWS /TLBID:1 /DYNAMICBASE /NXCOMPAT /IMPLIB:"C:\Users\Nada\Desktop\GameProgrammingProject\Debug\GameProgrammingProject.lib" /MACHINE:X86 Debug\cameraclass.obj
         Debug\colliderclass.obj
         Debug\component.obj
         Debug\d3dclass.obj
         Debug\debug.obj
         Debug\graphicsclass.obj
         Debug\inputclass.obj
         Debug\lightclass.obj
         Debug\lightshaderclass.obj
         Debug\main.obj
         Debug\meshclass.obj
         Debug\modelcircleclass.obj
         Debug\modelclass.obj
         Debug\modelcubeclass.obj
         Debug\modelsphereclass.obj
         Debug\mymath.obj
         Debug\physics.obj
         Debug\systemclass.obj
         Debug\textureclass.obj
         GameProgrammingProject.vcxproj -> C:\Users\Nada\Desktop\GameProgrammingProject\Debug\GameProgrammingProject.exe
     1>"C:\Users\Nada\Desktop\GameProgrammingProject\GameProgrammingProject\GameProgrammingProject.vcxproj" 프로젝트를 빌드했습니다(Build 대상).

빌드했습니다.

경과 시간: 00:00:01.00
